0 silly argv {
0 silly argv   _: [ 'exec' ],
0 silly argv   args: [],
0 silly argv   '--': [ 'npm', 'install' ],
0 silly argv   lernaVersion: '7.1.4',
0 silly argv   '$0': 'node_modules/.bin/lerna'
0 silly argv }
1 notice cli v7.1.4
2 verbose packageConfigs Explicit "packages" configuration found in lerna.json. Resolving packages using the configured glob(s): ["packages/**/*"]
3 verbose rootPath /workspaces/bstoolkit
4 error Error: Cannot find module '@nx/nx-linux-arm64-gnu'
4 error Require stack:
4 error - /workspaces/bstoolkit/node_modules/nx/src/native/index.js
4 error - /workspaces/bstoolkit/node_modules/nx/src/project-graph/utils/retrieve-workspace-files.js
4 error - /workspaces/bstoolkit/node_modules/nx/src/utils/nx-plugin.js
4 error - /workspaces/bstoolkit/node_modules/nx/src/config/workspaces.js
4 error - /workspaces/bstoolkit/node_modules/nx/src/config/configuration.js
4 error - /workspaces/bstoolkit/node_modules/nx/src/daemon/client/client.js
4 error - /workspaces/bstoolkit/node_modules/lerna/dist/index.js
4 error - /workspaces/bstoolkit/node_modules/lerna/dist/cli.js
4 error     at Module._resolveFilename (node:internal/modules/cjs/loader:1144:15)
4 error     at Module._load (node:internal/modules/cjs/loader:985:27)
4 error     at Module.require (node:internal/modules/cjs/loader:1235:19)
4 error     at require (node:internal/modules/helpers:176:18)
4 error     at Object.<anonymous> (/workspaces/bstoolkit/node_modules/nx/src/native/index.js:213:31)
4 error     at Module._compile (node:internal/modules/cjs/loader:1376:14)
4 error     at Module._extensions..js (node:internal/modules/cjs/loader:1435:10)
4 error     at Module.load (node:internal/modules/cjs/loader:1207:32)
4 error     at Module._load (node:internal/modules/cjs/loader:1023:12)
